<?xml version="1.0" encoding="UTF-8"?>
<testng-results ignored="0" total="5" passed="5" failed="0" skipped="0">
  <reporter-output>
  </reporter-output>
  <suite started-at="2022-02-15T11:18:32 IST" name="suite1" finished-at="2022-02-15T11:25:27 IST" duration-ms="415573">
    <groups>
    </groups>
    <test started-at="2022-02-15T11:18:32 IST" name="test1" finished-at="2022-02-15T11:20:07 IST" duration-ms="95182">
      <class name="executerScrpt.Accountscript">
        <test-method is-config="true" signature="openBrowser(java.lang.String)[pri:0, instance:executerScrpt.Accountscript@3232a28a]" started-at="2022-02-15T11:18:32 IST" name="openBrowser" finished-at="2022-02-15T11:19:23 IST" duration-ms="51764" status="PASS">
          <params>
            <param index="0">
              <value>
                <![CDATA[chrome]]>
              </value>
            </param>
          </params>
          <reporter-output>
          </reporter-output>
        </test-method> <!-- openBrowser -->
        <test-method signature="AccountFunc()[pri:0, instance:executerScrpt.Accountscript@3232a28a]" started-at="2022-02-15T11:19:24 IST" name="AccountFunc" finished-at="2022-02-15T11:20:02 IST" duration-ms="38717" status="PASS">
          <reporter-output>
          </reporter-output>
        </test-method> <!-- AccountFunc -->
        <test-method is-config="true" signature="closeBrowser()[pri:0, instance:executerScrpt.Accountscript@3232a28a]" started-at="2022-02-15T11:20:02 IST" name="closeBrowser" finished-at="2022-02-15T11:20:07 IST" duration-ms="4452" status="PASS">
          <reporter-output>
          </reporter-output>
        </test-method> <!-- closeBrowser -->
      </class> <!-- executerScrpt.Accountscript -->
    </test> <!-- test1 -->
    <test started-at="2022-02-15T11:20:07 IST" name="test2" finished-at="2022-02-15T11:21:27 IST" duration-ms="80333">
      <class name="executerScrpt.Contactscript">
        <test-method is-config="true" signature="openBrowser(java.lang.String)[pri:0, instance:executerScrpt.Contactscript@17497425]" started-at="2022-02-15T11:20:07 IST" name="openBrowser" finished-at="2022-02-15T11:20:31 IST" duration-ms="24130" status="PASS">
          <params>
            <param index="0">
              <value>
                <![CDATA[chrome]]>
              </value>
            </param>
          </params>
          <reporter-output>
          </reporter-output>
        </test-method> <!-- openBrowser -->
        <test-method signature="ContactsFunc()[pri:0, instance:executerScrpt.Contactscript@17497425]" started-at="2022-02-15T11:20:31 IST" name="ContactsFunc" finished-at="2022-02-15T11:21:23 IST" duration-ms="51957" status="PASS">
          <reporter-output>
          </reporter-output>
        </test-method> <!-- ContactsFunc -->
        <test-method is-config="true" signature="closeBrowser()[pri:0, instance:executerScrpt.Contactscript@17497425]" started-at="2022-02-15T11:21:23 IST" name="closeBrowser" finished-at="2022-02-15T11:21:27 IST" duration-ms="4240" status="PASS">
          <reporter-output>
          </reporter-output>
        </test-method> <!-- closeBrowser -->
      </class> <!-- executerScrpt.Contactscript -->
    </test> <!-- test2 -->
    <test started-at="2022-02-15T11:21:27 IST" name="test3" finished-at="2022-02-15T11:23:01 IST" duration-ms="93077">
      <class name="executerScrpt.Opportunitiescript">
        <test-method is-config="true" signature="openBrowser(java.lang.String)[pri:0, instance:executerScrpt.Opportunitiescript@6404f418]" started-at="2022-02-15T11:21:27 IST" name="openBrowser" finished-at="2022-02-15T11:21:47 IST" duration-ms="19225" status="PASS">
          <params>
            <param index="0">
              <value>
                <![CDATA[chrome]]>
              </value>
            </param>
          </params>
          <reporter-output>
          </reporter-output>
        </test-method> <!-- openBrowser -->
        <test-method signature="AccountFunc()[pri:0, instance:executerScrpt.Opportunitiescript@6404f418]" started-at="2022-02-15T11:21:47 IST" name="AccountFunc" finished-at="2022-02-15T11:22:57 IST" duration-ms="70544" status="PASS">
          <reporter-output>
          </reporter-output>
        </test-method> <!-- AccountFunc -->
        <test-method is-config="true" signature="closeBrowser()[pri:0, instance:executerScrpt.Opportunitiescript@6404f418]" started-at="2022-02-15T11:22:57 IST" name="closeBrowser" finished-at="2022-02-15T11:23:01 IST" duration-ms="3301" status="PASS">
          <reporter-output>
          </reporter-output>
        </test-method> <!-- closeBrowser -->
      </class> <!-- executerScrpt.Opportunitiescript -->
    </test> <!-- test3 -->
    <test started-at="2022-02-15T11:23:01 IST" name="test4" finished-at="2022-02-15T11:24:10 IST" duration-ms="69393">
      <class name="executerScrpt.Taskscript">
        <test-method is-config="true" signature="openBrowser(java.lang.String)[pri:0, instance:executerScrpt.Taskscript@2c1b194a]" started-at="2022-02-15T11:23:01 IST" name="openBrowser" finished-at="2022-02-15T11:23:23 IST" duration-ms="22091" status="PASS">
          <params>
            <param index="0">
              <value>
                <![CDATA[chrome]]>
              </value>
            </param>
          </params>
          <reporter-output>
          </reporter-output>
        </test-method> <!-- openBrowser -->
        <test-method signature="TasksFunc()[pri:0, instance:executerScrpt.Taskscript@2c1b194a]" started-at="2022-02-15T11:23:23 IST" name="TasksFunc" finished-at="2022-02-15T11:24:07 IST" duration-ms="44524" status="PASS">
          <reporter-output>
          </reporter-output>
        </test-method> <!-- TasksFunc -->
        <test-method is-config="true" signature="closeBrowser()[pri:0, instance:executerScrpt.Taskscript@2c1b194a]" started-at="2022-02-15T11:24:07 IST" name="closeBrowser" finished-at="2022-02-15T11:24:10 IST" duration-ms="2769" status="PASS">
          <reporter-output>
          </reporter-output>
        </test-method> <!-- closeBrowser -->
      </class> <!-- executerScrpt.Taskscript -->
    </test> <!-- test4 -->
    <test started-at="2022-02-15T11:24:10 IST" name="test5" finished-at="2022-02-15T11:25:27 IST" duration-ms="76924">
      <class name="executerScrpt.Notescript">
        <test-method is-config="true" signature="openBrowser(java.lang.String)[pri:0, instance:executerScrpt.Notescript@7bab3f1a]" started-at="2022-02-15T11:24:10 IST" name="openBrowser" finished-at="2022-02-15T11:24:34 IST" duration-ms="23892" status="PASS">
          <params>
            <param index="0">
              <value>
                <![CDATA[chrome]]>
              </value>
            </param>
          </params>
          <reporter-output>
          </reporter-output>
        </test-method> <!-- openBrowser -->
        <test-method signature="TasksFunc()[pri:0, instance:executerScrpt.Notescript@7bab3f1a]" started-at="2022-02-15T11:24:34 IST" name="TasksFunc" finished-at="2022-02-15T11:25:24 IST" duration-ms="50059" status="PASS">
          <reporter-output>
          </reporter-output>
        </test-method> <!-- TasksFunc -->
        <test-method is-config="true" signature="closeBrowser()[pri:0, instance:executerScrpt.Notescript@7bab3f1a]" started-at="2022-02-15T11:25:24 IST" name="closeBrowser" finished-at="2022-02-15T11:25:27 IST" duration-ms="2968" status="PASS">
          <reporter-output>
          </reporter-output>
        </test-method> <!-- closeBrowser -->
      </class> <!-- executerScrpt.Notescript -->
    </test> <!-- test5 -->
  </suite> <!-- suite1 -->
</testng-results>
