<?xml version="1.0" encoding="UTF-8"?>
<testng-results ignored="0" total="5" passed="5" failed="0" skipped="0">
  <reporter-output>
  </reporter-output>
  <suite started-at="2022-02-09T16:33:37 IST" name="suite1" finished-at="2022-02-09T16:39:08 IST" duration-ms="330877">
    <groups>
    </groups>
    <test started-at="2022-02-09T16:33:37 IST" name="test1" finished-at="2022-02-09T16:35:12 IST" duration-ms="95338">
      <class name="executerScrpt.Accountscript">
        <test-method is-config="true" signature="openBrowser(java.lang.String)[pri:0, instance:executerScrpt.Accountscript@7e7be63f]" started-at="2022-02-09T16:33:37 IST" name="openBrowser" finished-at="2022-02-09T16:34:13 IST" duration-ms="36313" status="PASS">
          <params>
            <param index="0">
              <value>
                <![CDATA[chrome]]>
              </value>
            </param>
          </params>
          <reporter-output>
          </reporter-output>
        </test-method> <!-- openBrowser -->
        <test-method signature="AccountFunc()[pri:0, instance:executerScrpt.Accountscript@7e7be63f]" started-at="2022-02-09T16:34:14 IST" name="AccountFunc" finished-at="2022-02-09T16:34:55 IST" duration-ms="41403" status="PASS">
          <reporter-output>
          </reporter-output>
        </test-method> <!-- AccountFunc -->
        <test-method is-config="true" signature="closeBrowser()[pri:0, instance:executerScrpt.Accountscript@7e7be63f]" started-at="2022-02-09T16:34:55 IST" name="closeBrowser" finished-at="2022-02-09T16:35:12 IST" duration-ms="17389" status="PASS">
          <reporter-output>
          </reporter-output>
        </test-method> <!-- closeBrowser -->
      </class> <!-- executerScrpt.Accountscript -->
    </test> <!-- test1 -->
    <test started-at="2022-02-09T16:35:14 IST" name="test2" finished-at="2022-02-09T16:36:27 IST" duration-ms="73109">
      <class name="executerScrpt.Contactscript">
        <test-method is-config="true" signature="openBrowser(java.lang.String)[pri:0, instance:executerScrpt.Contactscript@6253c26]" started-at="2022-02-09T16:35:14 IST" name="openBrowser" finished-at="2022-02-09T16:35:35 IST" duration-ms="21179" status="PASS">
          <params>
            <param index="0">
              <value>
                <![CDATA[chrome]]>
              </value>
            </param>
          </params>
          <reporter-output>
          </reporter-output>
        </test-method> <!-- openBrowser -->
        <test-method signature="ContactsFunc()[pri:0, instance:executerScrpt.Contactscript@6253c26]" started-at="2022-02-09T16:35:35 IST" name="ContactsFunc" finished-at="2022-02-09T16:36:25 IST" duration-ms="49959" status="PASS">
          <reporter-output>
          </reporter-output>
        </test-method> <!-- ContactsFunc -->
        <test-method is-config="true" signature="closeBrowser()[pri:0, instance:executerScrpt.Contactscript@6253c26]" started-at="2022-02-09T16:36:25 IST" name="closeBrowser" finished-at="2022-02-09T16:36:27 IST" duration-ms="1965" status="PASS">
          <reporter-output>
          </reporter-output>
        </test-method> <!-- closeBrowser -->
      </class> <!-- executerScrpt.Contactscript -->
    </test> <!-- test2 -->
    <test started-at="2022-02-09T16:36:27 IST" name="test3" finished-at="2022-02-09T16:37:20 IST" duration-ms="53055">
      <class name="executerScrpt.Opportunitiescript">
        <test-method is-config="true" signature="openBrowser(java.lang.String)[pri:0, instance:executerScrpt.Opportunitiescript@51e69659]" started-at="2022-02-09T16:36:27 IST" name="openBrowser" finished-at="2022-02-09T16:36:46 IST" duration-ms="18978" status="PASS">
          <params>
            <param index="0">
              <value>
                <![CDATA[chrome]]>
              </value>
            </param>
          </params>
          <reporter-output>
          </reporter-output>
        </test-method> <!-- openBrowser -->
        <test-method signature="AccountFunc()[pri:0, instance:executerScrpt.Opportunitiescript@51e69659]" started-at="2022-02-09T16:36:46 IST" name="AccountFunc" finished-at="2022-02-09T16:37:20 IST" duration-ms="33401" status="PASS">
          <reporter-output>
          </reporter-output>
        </test-method> <!-- AccountFunc -->
        <test-method is-config="true" signature="closeBrowser()[pri:0, instance:executerScrpt.Opportunitiescript@51e69659]" started-at="2022-02-09T16:37:20 IST" name="closeBrowser" finished-at="2022-02-09T16:37:20 IST" duration-ms="669" status="PASS">
          <reporter-output>
          </reporter-output>
        </test-method> <!-- closeBrowser -->
      </class> <!-- executerScrpt.Opportunitiescript -->
    </test> <!-- test3 -->
    <test started-at="2022-02-09T16:37:20 IST" name="test4" finished-at="2022-02-09T16:38:17 IST" duration-ms="56465">
      <class name="executerScrpt.Taskscript">
        <test-method is-config="true" signature="openBrowser(java.lang.String)[pri:0, instance:executerScrpt.Taskscript@47d9a273]" started-at="2022-02-09T16:37:20 IST" name="openBrowser" finished-at="2022-02-09T16:37:36 IST" duration-ms="16169" status="PASS">
          <params>
            <param index="0">
              <value>
                <![CDATA[chrome]]>
              </value>
            </param>
          </params>
          <reporter-output>
          </reporter-output>
        </test-method> <!-- openBrowser -->
        <test-method signature="TasksFunc()[pri:0, instance:executerScrpt.Taskscript@47d9a273]" started-at="2022-02-09T16:37:36 IST" name="TasksFunc" finished-at="2022-02-09T16:38:14 IST" duration-ms="37098" status="PASS">
          <reporter-output>
          </reporter-output>
        </test-method> <!-- TasksFunc -->
        <test-method is-config="true" signature="closeBrowser()[pri:0, instance:executerScrpt.Taskscript@47d9a273]" started-at="2022-02-09T16:38:14 IST" name="closeBrowser" finished-at="2022-02-09T16:38:17 IST" duration-ms="3186" status="PASS">
          <reporter-output>
          </reporter-output>
        </test-method> <!-- closeBrowser -->
      </class> <!-- executerScrpt.Taskscript -->
    </test> <!-- test4 -->
    <test started-at="2022-02-09T16:38:17 IST" name="test5" finished-at="2022-02-09T16:39:08 IST" duration-ms="51135">
      <class name="executerScrpt.Notescript">
        <test-method is-config="true" signature="openBrowser(java.lang.String)[pri:0, instance:executerScrpt.Notescript@4659191b]" started-at="2022-02-09T16:38:17 IST" name="openBrowser" finished-at="2022-02-09T16:38:37 IST" duration-ms="20648" status="PASS">
          <params>
            <param index="0">
              <value>
                <![CDATA[chrome]]>
              </value>
            </param>
          </params>
          <reporter-output>
          </reporter-output>
        </test-method> <!-- openBrowser -->
        <test-method signature="TasksFunc()[pri:0, instance:executerScrpt.Notescript@4659191b]" started-at="2022-02-09T16:38:37 IST" name="TasksFunc" finished-at="2022-02-09T16:39:06 IST" duration-ms="28911" status="PASS">
          <reporter-output>
          </reporter-output>
        </test-method> <!-- TasksFunc -->
        <test-method is-config="true" signature="closeBrowser()[pri:0, instance:executerScrpt.Notescript@4659191b]" started-at="2022-02-09T16:39:06 IST" name="closeBrowser" finished-at="2022-02-09T16:39:08 IST" duration-ms="1569" status="PASS">
          <reporter-output>
          </reporter-output>
        </test-method> <!-- closeBrowser -->
      </class> <!-- executerScrpt.Notescript -->
    </test> <!-- test5 -->
  </suite> <!-- suite1 -->
</testng-results>
